<?xml version="1.0" encoding="UTF-8"?>
<!-- Generated by org.testng.reporters.JUnitXMLReporter -->
<testsuite hostname="SJO-533JZW2LT" ignored="0" name="Command line test" tests="2" failures="0" timestamp="2020-01-27T13:25:41 MST" time="45.912" errors="0">
  <testcase name="validateSalesByMonthMetricNotExpendedTest" time="0.081" classname="com.qa.testCases.HomePageTest"/>
  <testcase name="validateCloseExpendedViewTest" time="1.334" classname="com.qa.testCases.HomePageTest"/>
</testsuite> <!-- Command line test -->
