<?xml version="1.0" encoding="UTF-8"?>
<!-- Generated by org.testng.reporters.JUnitXMLReporter -->
<testsuite hostname="SJO-533JZW2LT" ignored="0" name="Command line test" tests="2" failures="0" timestamp="2020-01-27T17:03:17 MST" time="10.717" errors="0">
  <testcase name="@BeforeMethod setUp" time="10.679" classname="com.qa.testCases.HomePageTest">
    <failure type="java.lang.Error" message="Unresolved compilation problem: 
	The method beforeNavigateTo(String, WebDriver) of type WebEventListener must override a superclass method
">
      <![CDATA[java.lang.Error: Unresolved compilation problem: 
The method beforeNavigateTo(String, WebDriver) of type WebEventListener must override a superclass method

at com.qa.util.WebEventListener.beforeNavigateTo(WebEventListener.java:36)
at org.openqa.selenium.support.events.EventFiringWebDriver.lambda$new$0(EventFiringWebDriver.java:84)
at com.sun.proxy.$Proxy4.beforeNavigateTo(Unknown Source)
at org.openqa.selenium.support.events.EventFiringWebDriver.get(EventFiringWebDriver.java:164)
at com.qa.base.BasePage.initialization(BasePage.java:69)
at com.qa.testCases.HomePageTest.setUp(HomePageTest.java:26)
at java.util.ArrayList.forEach(ArrayList.java:1257)
at com.qa.testCases.TestRunner.main(TestRunner.java:13)
... Removed 32 stack frames]]>
    </failure>
  </testcase> <!-- @BeforeMethod setUp -->
  <testcase name="@AfterMethod tearDown" time="-1.580169797184E9" classname="com.qa.testCases.HomePageTest">
    <skipped/>
  </testcase> <!-- @AfterMethod tearDown -->
  <testcase name="@BeforeMethod setUp" time="-1.580169797185E9" classname="com.qa.testCases.HomePageTest">
    <skipped/>
  </testcase> <!-- @BeforeMethod setUp -->
  <testcase name="@AfterMethod tearDown" time="-1.580169797186E9" classname="com.qa.testCases.HomePageTest">
    <skipped/>
  </testcase> <!-- @AfterMethod tearDown -->
  <testcase name="validateSalesByMonthMetricNotExpendedTest" time="0.0" classname="com.qa.testCases.HomePageTest">
    <skipped/>
  </testcase> <!-- validateSalesByMonthMetricNotExpendedTest -->
  <testcase name="validateCloseExpendedViewTest" time="0.0" classname="com.qa.testCases.HomePageTest">
    <skipped/>
  </testcase> <!-- validateCloseExpendedViewTest -->
</testsuite> <!-- Command line test -->
