<?xml version="1.0" encoding="UTF-8"?>
<!-- Generated by org.testng.reporters.JUnitXMLReporter -->
<testsuite hostname="SJO-533JZW2LT" ignored="0" name="Default test" tests="2" failures="0" timestamp="2020-01-27T17:44:48 MST" time="49.215" errors="0">
  <testcase name="validateSalesByMonthMetricNotExpendedTest" time="0.096" classname="com.qa.testCases.HomePageTest"/>
  <testcase name="validateCloseExpendedViewTest" time="11.32" classname="com.qa.testCases.HomePageTest"/>
</testsuite> <!-- Default test -->
