<?xml version="1.0" encoding="UTF-8"?>
<!-- Generated by org.testng.reporters.JUnitXMLReporter -->
<testsuite hostname="SJO-533JZW2LT" ignored="1" name="Default test" tests="2" failures="0" timestamp="2020-01-27T12:31:17 MST" time="43.237" errors="0">
  <testcase name="validateSalesByMonthMetricNotExpendedTest" time="0.202" classname="com.qa.testCases.HomePageTest"/>
  <testcase name="validateCloseExpendedViewTest" time="1.937" classname="com.qa.testCases.HomePageTest"/>
  <testcase name="validateSalesByMonthMetricsOptionsExpandTest" time="0.0" classname="com.qa.testCases.HomePageTest">
    <ignored/>
  </testcase> <!-- validateSalesByMonthMetricsOptionsExpandTest -->
</testsuite> <!-- Default test -->
