<?xml version="1.0" encoding="UTF-8"?>
<!-- Generated by org.testng.reporters.JUnitXMLReporter -->
<testsuite hostname="SJO-533JZW2LT" ignored="0" name="Default test" tests="2" failures="0" timestamp="2020-01-27T17:26:08 MST" time="62.049" errors="0">
  <testcase name="validateSalesByMonthMetricNotExpendedTest" time="1.197" classname="com.qa.testCases.HomePageTest"/>
  <testcase name="validateCloseExpendedViewTest" time="11.014" classname="com.qa.testCases.HomePageTest"/>
</testsuite> <!-- Default test -->
