<?xml version="1.0" encoding="UTF-8"?>
<!-- Generated by org.testng.reporters.JUnitXMLReporter -->
<testsuite hostname="SJO-533JZW2LT" ignored="0" name="Command line test" tests="2" failures="0" timestamp="2020-01-27T17:35:00 MST" time="50.3" errors="0">
  <testcase name="validateSalesByMonthMetricNotExpendedTest" time="0.358" classname="com.qa.testCases.HomePageTest"/>
  <testcase name="validateCloseExpendedViewTest" time="11.246" classname="com.qa.testCases.HomePageTest"/>
</testsuite> <!-- Command line test -->
