<?xml version="1.0" encoding="UTF-8"?>
<testng-results skipped="0" failed="0" ignored="0" total="2" passed="2">
  <reporter-output>
  </reporter-output>
  <suite name="Default suite" duration-ms="62049" started-at="2020-01-27T17:25:06 MST" finished-at="2020-01-27T17:26:08 MST">
    <groups>
    </groups>
    <test name="Default test" duration-ms="62049" started-at="2020-01-27T17:25:06 MST" finished-at="2020-01-27T17:26:08 MST">
      <class name="com.qa.testCases.HomePageTest">
        <test-method status="PASS" signature="setUp()[pri:0, instance:com.qa.testCases.HomePageTest@1efed156]" name="setUp" is-config="true" duration-ms="29616" started-at="2020-01-27T17:25:06 MST" finished-at="2020-01-27T17:25:36 MST">
          <reporter-output>
          </reporter-output>
        </test-method> <!-- setUp -->
        <test-method status="PASS" signature="validateSalesByMonthMetricNotExpendedTest()[pri:1, instance:com.qa.testCases.HomePageTest@1efed156]" name="validateSalesByMonthMetricNotExpendedTest" duration-ms="1197" started-at="2020-01-27T17:25:36 MST" finished-at="2020-01-27T17:25:37 MST">
          <reporter-output>
          </reporter-output>
        </test-method> <!-- validateSalesByMonthMetricNotExpendedTest -->
        <test-method status="PASS" signature="tearDown()[pri:0, instance:com.qa.testCases.HomePageTest@1efed156]" name="tearDown" is-config="true" duration-ms="726" started-at="2020-01-27T17:25:37 MST" finished-at="2020-01-27T17:25:38 MST">
          <reporter-output>
          </reporter-output>
        </test-method> <!-- tearDown -->
        <test-method status="PASS" signature="setUp()[pri:0, instance:com.qa.testCases.HomePageTest@1efed156]" name="setUp" is-config="true" duration-ms="18745" started-at="2020-01-27T17:25:38 MST" finished-at="2020-01-27T17:25:56 MST">
          <reporter-output>
          </reporter-output>
        </test-method> <!-- setUp -->
        <test-method status="PASS" signature="validateCloseExpendedViewTest()[pri:2, instance:com.qa.testCases.HomePageTest@1efed156]" name="validateCloseExpendedViewTest" duration-ms="11014" started-at="2020-01-27T17:25:56 MST" finished-at="2020-01-27T17:26:07 MST">
          <reporter-output>
          </reporter-output>
        </test-method> <!-- validateCloseExpendedViewTest -->
        <test-method status="PASS" signature="tearDown()[pri:0, instance:com.qa.testCases.HomePageTest@1efed156]" name="tearDown" is-config="true" duration-ms="708" started-at="2020-01-27T17:26:07 MST" finished-at="2020-01-27T17:26:08 MST">
          <reporter-output>
          </reporter-output>
        </test-method> <!-- tearDown -->
      </class> <!-- com.qa.testCases.HomePageTest -->
    </test> <!-- Default test -->
  </suite> <!-- Default suite -->
</testng-results>
