<?xml version="1.0" encoding="UTF-8"?>
<testng-results skipped="0" failed="0" ignored="0" total="2" passed="2">
  <reporter-output>
  </reporter-output>
  <suite name="Default suite" duration-ms="49215" started-at="2020-01-27T17:43:59 MST" finished-at="2020-01-27T17:44:48 MST">
    <groups>
    </groups>
    <test name="Default test" duration-ms="49215" started-at="2020-01-27T17:43:59 MST" finished-at="2020-01-27T17:44:48 MST">
      <class name="com.qa.testCases.HomePageTest">
        <test-method status="PASS" signature="setUp()[pri:0, instance:com.qa.testCases.HomePageTest@1efed156]" name="setUp" is-config="true" duration-ms="18089" started-at="2020-01-27T17:43:59 MST" finished-at="2020-01-27T17:44:17 MST">
          <reporter-output>
          </reporter-output>
        </test-method> <!-- setUp -->
        <test-method status="PASS" signature="validateSalesByMonthMetricNotExpendedTest()[pri:1, instance:com.qa.testCases.HomePageTest@1efed156]" name="validateSalesByMonthMetricNotExpendedTest" duration-ms="96" started-at="2020-01-27T17:44:17 MST" finished-at="2020-01-27T17:44:17 MST">
          <reporter-output>
          </reporter-output>
        </test-method> <!-- validateSalesByMonthMetricNotExpendedTest -->
        <test-method status="PASS" signature="tearDown()[pri:0, instance:com.qa.testCases.HomePageTest@1efed156]" name="tearDown" is-config="true" duration-ms="693" started-at="2020-01-27T17:44:17 MST" finished-at="2020-01-27T17:44:18 MST">
          <reporter-output>
          </reporter-output>
        </test-method> <!-- tearDown -->
        <test-method status="PASS" signature="setUp()[pri:0, instance:com.qa.testCases.HomePageTest@1efed156]" name="setUp" is-config="true" duration-ms="18287" started-at="2020-01-27T17:44:18 MST" finished-at="2020-01-27T17:44:36 MST">
          <reporter-output>
          </reporter-output>
        </test-method> <!-- setUp -->
        <test-method status="PASS" signature="validateCloseExpendedViewTest()[pri:2, instance:com.qa.testCases.HomePageTest@1efed156]" name="validateCloseExpendedViewTest" duration-ms="11320" started-at="2020-01-27T17:44:36 MST" finished-at="2020-01-27T17:44:48 MST">
          <reporter-output>
          </reporter-output>
        </test-method> <!-- validateCloseExpendedViewTest -->
        <test-method status="PASS" signature="tearDown()[pri:0, instance:com.qa.testCases.HomePageTest@1efed156]" name="tearDown" is-config="true" duration-ms="694" started-at="2020-01-27T17:44:48 MST" finished-at="2020-01-27T17:44:48 MST">
          <reporter-output>
          </reporter-output>
        </test-method> <!-- tearDown -->
      </class> <!-- com.qa.testCases.HomePageTest -->
    </test> <!-- Default test -->
  </suite> <!-- Default suite -->
</testng-results>
